
> nextn@0.1.0 typecheck
> tsc --noEmit

doc-site/src/components/HomepageFeatures/index.tsx(52,10): error TS2786: 'Heading' cannot be used as a JSX component.
  Its type '(props: Props) => ReactNode' is not a valid JSX element type.
    Type '(props: Props) => ReactNode' is not assignable to type '(props: any, deprecatedLegacyContext?: any) => ReactNode'.
      Type 'import("/Users/Thomas/DEV/source_code/_currentProjects/gather-kids/doc-site/node_modules/@types/react/index").ReactNode' is not assignable to type 'React.ReactNode'.
        Type 'ReactElement<unknown, string | JSXElementConstructor<any>>' is not assignable to type 'ReactNode'.
          Property 'children' is missing in type 'ReactElement<unknown, string | JSXElementConstructor<any>>' but required in type 'ReactPortal'.
doc-site/src/components/HomepageFeatures/index.tsx(53,12): error TS2322: Type 'import("/Users/Thomas/DEV/source_code/_currentProjects/gather-kids/doc-site/node_modules/@types/react/index").ReactNode' is not assignable to type 'React.ReactNode'.
  Type 'ReactElement<unknown, string | JSXElementConstructor<any>>' is not assignable to type 'ReactNode'.
    Property 'children' is missing in type 'ReactElement<unknown, string | JSXElementConstructor<any>>' but required in type 'ReactPortal'.
doc-site/src/pages/index.tsx(6,30): error TS2307: Cannot find module '@site/src/components/HomepageFeatures' or its corresponding type declarations.
doc-site/src/pages/index.tsx(16,10): error TS2786: 'Heading' cannot be used as a JSX component.
  Its type '(props: Props) => ReactNode' is not a valid JSX element type.
    Type '(props: Props) => ReactNode' is not assignable to type '(props: any, deprecatedLegacyContext?: any) => ReactNode'.
      Type 'import("/Users/Thomas/DEV/source_code/_currentProjects/gather-kids/doc-site/node_modules/@types/react/index").ReactNode' is not assignable to type 'React.ReactNode'.
        Type 'ReactElement<unknown, string | JSXElementConstructor<any>>' is not assignable to type 'ReactNode'.
          Property 'children' is missing in type 'ReactElement<unknown, string | JSXElementConstructor<any>>' but required in type 'ReactPortal'.
doc-site/src/pages/index.tsx(21,12): error TS2786: 'Link' cannot be used as a JSX component.
  Its type '(props: Props) => ReactNode' is not a valid JSX element type.
    Type '(props: Props) => ReactNode' is not assignable to type '(props: any, deprecatedLegacyContext?: any) => ReactNode'.
      Type 'import("/Users/Thomas/DEV/source_code/_currentProjects/gather-kids/doc-site/node_modules/@types/react/index").ReactNode' is not assignable to type 'React.ReactNode'.
        Type 'ReactElement<unknown, string | JSXElementConstructor<any>>' is not assignable to type 'ReactNode'.
          Property 'children' is missing in type 'ReactElement<unknown, string | JSXElementConstructor<any>>' but required in type 'ReactPortal'.
doc-site/src/pages/index.tsx(26,12): error TS2786: 'Link' cannot be used as a JSX component.
  Its type '(props: Props) => ReactNode' is not a valid JSX element type.
    Type '(props: Props) => ReactNode' is not assignable to type '(props: any, deprecatedLegacyContext?: any) => ReactNode'.
      Type 'import("/Users/Thomas/DEV/source_code/_currentProjects/gather-kids/doc-site/node_modules/@types/react/index").ReactNode' is not assignable to type 'React.ReactNode'.
        Type 'ReactElement<unknown, string | JSXElementConstructor<any>>' is not assignable to type 'ReactNode'.
          Property 'children' is missing in type 'ReactElement<unknown, string | JSXElementConstructor<any>>' but required in type 'ReactPortal'.
doc-site/src/pages/index.tsx(41,6): error TS2786: 'Layout' cannot be used as a JSX component.
  Its type '{ (props: Props): ReactNode; (props: Props): ReactNode; }' is not a valid JSX element type.
    Type '{ (props: Props): ReactNode; (props: Props): ReactNode; }' is not assignable to type '(props: any, deprecatedLegacyContext?: any) => ReactNode'.
      Type 'import("/Users/Thomas/DEV/source_code/_currentProjects/gather-kids/doc-site/node_modules/@types/react/index").ReactNode' is not assignable to type 'React.ReactNode'.
        Type 'ReactElement<unknown, string | JSXElementConstructor<any>>' is not assignable to type 'ReactNode'.
          Property 'children' is missing in type 'ReactElement<unknown, string | JSXElementConstructor<any>>' but required in type 'ReactPortal'.
src/app/household/layout.tsx(60,5): error TS2322: Type 'string | null' is not assignable to type 'string | undefined'.
  Type 'null' is not assignable to type 'string | undefined'.
src/app/household/page.tsx(29,5): error TS2322: Type 'string | null' is not assignable to type 'string | undefined'.
  Type 'null' is not assignable to type 'string | undefined'.
src/app/onboarding/page.tsx(401,33): error TS2322: Type '{ user: any; }' is not assignable to type 'IntrinsicAttributes & AuthDebugProps'.
  Property 'user' does not exist on type 'IntrinsicAttributes & AuthDebugProps'.
src/app/settings/security/page.tsx(348,19): error TS2322: Type '{ user: any; }' is not assignable to type 'IntrinsicAttributes & AuthDebugProps'.
  Property 'user' does not exist on type 'IntrinsicAttributes & AuthDebugProps'.
src/components/gatherKids/bible-bee-progress-list.tsx(202,39): error TS2345: Argument of type 'string | undefined' is not assignable to parameter of type 'SetStateAction<string | null>'.
  Type 'undefined' is not assignable to type 'SetStateAction<string | null>'.
src/components/settings/settings-modal.tsx(355,29): error TS2322: Type 'Dispatch<SetStateAction<"profile" | "security">>' is not assignable to type '(value: string) => void'.
  Types of parameters 'value' and 'value' are incompatible.
    Type 'string' is not assignable to type 'SetStateAction<"profile" | "security">'.
tests/playwright/email/global-setup.ts(20,9): error TS18046: 'error' is of type 'unknown'.
tests/playwright/page-objects/registration.page.ts(34,72): error TS2339: Property 'last' does not exist on type 'Promise<void>'.
tests/playwright/page-objects/registration.page.ts(35,72): error TS2339: Property 'last' does not exist on type 'Promise<void>'.
tests/playwright/page-objects/registration.page.ts(36,86): error TS2339: Property 'last' does not exist on type 'Promise<void>'.
tests/playwright/page-objects/registration.page.ts(37,76): error TS2339: Property 'last' does not exist on type 'Promise<void>'.
tests/playwright/page-objects/registration.page.ts(55,73): error TS2339: Property 'last' does not exist on type 'Promise<void>'.
tests/playwright/page-objects/registration.page.ts(56,71): error TS2339: Property 'last' does not exist on type 'Promise<void>'.
tests/playwright/page-objects/registration.page.ts(57,89): error TS2339: Property 'last' does not exist on type 'Promise<void>'.
